\BOOKMARK [0][-]{chapter.1}{\376\377\0001\000\040\000N\000a\000m\000e\000s\000p\000a\000c\000e\000\040\000I\000n\000d\000e\000x}{}% 1
\BOOKMARK [1][-]{section.1.1}{\376\377\0001\000.\0001\000\040\000P\000a\000c\000k\000a\000g\000e\000s}{chapter.1}% 2
\BOOKMARK [0][-]{chapter.2}{\376\377\0002\000\040\000H\000i\000e\000r\000a\000r\000c\000h\000i\000c\000a\000l\000\040\000I\000n\000d\000e\000x}{}% 3
\BOOKMARK [1][-]{section.2.1}{\376\377\0002\000.\0001\000\040\000C\000l\000a\000s\000s\000\040\000H\000i\000e\000r\000a\000r\000c\000h\000y}{chapter.2}% 4
\BOOKMARK [0][-]{chapter.3}{\376\377\0003\000\040\000C\000l\000a\000s\000s\000\040\000I\000n\000d\000e\000x}{}% 5
\BOOKMARK [1][-]{section.3.1}{\376\377\0003\000.\0001\000\040\000C\000l\000a\000s\000s\000\040\000L\000i\000s\000t}{chapter.3}% 6
\BOOKMARK [0][-]{chapter.4}{\376\377\0004\000\040\000N\000a\000m\000e\000s\000p\000a\000c\000e\000\040\000D\000o\000c\000u\000m\000e\000n\000t\000a\000t\000i\000o\000n}{}% 7
\BOOKMARK [1][-]{section.4.1}{\376\377\0004\000.\0001\000\040\000P\000E\0002\000D\000\040\000N\000a\000m\000e\000s\000p\000a\000c\000e\000\040\000R\000e\000f\000e\000r\000e\000n\000c\000e}{chapter.4}% 8
\BOOKMARK [2][-]{subsection.4.1.1}{\376\377\0004\000.\0001\000.\0001\000\040\000E\000n\000u\000m\000e\000r\000a\000t\000i\000o\000n\000\040\000T\000y\000p\000e\000\040\000D\000o\000c\000u\000m\000e\000n\000t\000a\000t\000i\000o\000n}{section.4.1}% 9
\BOOKMARK [3][-]{subsubsection.4.1.1.1}{\376\377\0004\000.\0001\000.\0001\000.\0001\000\040\000E\000f\000f\000e\000c\000t\000o\000r\000T\000y\000p\000e}{subsection.4.1.1}% 10
\BOOKMARK [3][-]{subsubsection.4.1.1.2}{\376\377\0004\000.\0001\000.\0001\000.\0002\000\040\000W\000r\000a\000p\000A\000r\000o\000u\000n\000d\000T\000y\000p\000e}{subsection.4.1.1}% 11
\BOOKMARK [0][-]{chapter.5}{\376\377\0005\000\040\000C\000l\000a\000s\000s\000\040\000D\000o\000c\000u\000m\000e\000n\000t\000a\000t\000i\000o\000n}{}% 12
\BOOKMARK [1][-]{section.5.1}{\376\377\0005\000.\0001\000\040\000P\000E\0002\000D\000.\000C\000i\000r\000c\000u\000l\000a\000r\000A\000r\000r\000a\000y\000<\000\040\000T\000\040\000>\000\040\000C\000l\000a\000s\000s\000\040\000T\000e\000m\000p\000l\000a\000t\000e\000\040\000R\000e\000f\000e\000r\000e\000n\000c\000e}{chapter.5}% 13
\BOOKMARK [2][-]{subsection.5.1.1}{\376\377\0005\000.\0001\000.\0001\000\040\000D\000e\000t\000a\000i\000l\000e\000d\000\040\000D\000e\000s\000c\000r\000i\000p\000t\000i\000o\000n}{section.5.1}% 14
\BOOKMARK [2][-]{subsection.5.1.2}{\376\377\0005\000.\0001\000.\0002\000\040\000C\000o\000n\000s\000t\000r\000u\000c\000t\000o\000r\000\040\000\046\000\040\000D\000e\000s\000t\000r\000u\000c\000t\000o\000r\000\040\000D\000o\000c\000u\000m\000e\000n\000t\000a\000t\000i\000o\000n}{section.5.1}% 15
\BOOKMARK [3][-]{subsubsection.5.1.2.1}{\376\377\0005\000.\0001\000.\0002\000.\0001\000\040\000C\000i\000r\000c\000u\000l\000a\000r\000A\000r\000r\000a\000y\000\050\000i\000n\000t\000\040\000c\000a\000p\000a\000c\000i\000t\000y\000\051}{subsection.5.1.2}% 16
\BOOKMARK [2][-]{subsection.5.1.3}{\376\377\0005\000.\0001\000.\0003\000\040\000P\000r\000o\000p\000e\000r\000t\000y\000\040\000D\000o\000c\000u\000m\000e\000n\000t\000a\000t\000i\000o\000n}{section.5.1}% 17
\BOOKMARK [3][-]{subsubsection.5.1.3.1}{\376\377\0005\000.\0001\000.\0003\000.\0001\000\040\000C\000a\000p\000a\000c\000i\000t\000y}{subsection.5.1.3}% 18
\BOOKMARK [3][-]{subsubsection.5.1.3.2}{\376\377\0005\000.\0001\000.\0003\000.\0002\000\040\000C\000o\000u\000n\000t}{subsection.5.1.3}% 19
\BOOKMARK [3][-]{subsubsection.5.1.3.3}{\376\377\0005\000.\0001\000.\0003\000.\0003\000\040\000r\000e\000a\000c\000h\000e\000d\000C\000a\000p\000a\000c\000i\000t\000y}{subsection.5.1.3}% 20
\BOOKMARK [3][-]{subsubsection.5.1.3.4}{\376\377\0005\000.\0001\000.\0003\000.\0004\000\040\000S\000t\000a\000r\000t}{subsection.5.1.3}% 21
\BOOKMARK [3][-]{subsubsection.5.1.3.5}{\376\377\0005\000.\0001\000.\0003\000.\0005\000\040\000t\000h\000i\000s\000[\000i\000n\000t\000\040\000i\000]}{subsection.5.1.3}% 22
\BOOKMARK [1][-]{section.5.2}{\376\377\0005\000.\0002\000\040\000P\000E\0002\000D\000.\000C\000u\000s\000t\000o\000m\000P\000a\000r\000t\000i\000c\000l\000e\000\040\000C\000l\000a\000s\000s\000\040\000R\000e\000f\000e\000r\000e\000n\000c\000e}{chapter.5}% 23
\BOOKMARK [2][-]{subsection.5.2.1}{\376\377\0005\000.\0002\000.\0001\000\040\000D\000e\000t\000a\000i\000l\000e\000d\000\040\000D\000e\000s\000c\000r\000i\000p\000t\000i\000o\000n}{section.5.2}% 24
\BOOKMARK [2][-]{subsection.5.2.2}{\376\377\0005\000.\0002\000.\0002\000\040\000M\000e\000m\000b\000e\000r\000\040\000F\000u\000n\000c\000t\000i\000o\000n\000\040\000D\000o\000c\000u\000m\000e\000n\000t\000a\000t\000i\000o\000n}{section.5.2}% 25
\BOOKMARK [3][-]{subsubsection.5.2.2.1}{\376\377\0005\000.\0002\000.\0002\000.\0001\000\040\000U\000p\000d\000a\000t\000e\000E\000f\000f\000e\000c\000t\000o\000r\000L\000i\000s\000t\000\050\000\051}{subsection.5.2.2}% 26
\BOOKMARK [2][-]{subsection.5.2.3}{\376\377\0005\000.\0002\000.\0003\000\040\000M\000e\000m\000b\000e\000r\000\040\000D\000a\000t\000a\000\040\000D\000o\000c\000u\000m\000e\000n\000t\000a\000t\000i\000o\000n}{section.5.2}% 27
\BOOKMARK [3][-]{subsubsection.5.2.3.1}{\376\377\0005\000.\0002\000.\0003\000.\0001\000\040\000s\000h\000o\000u\000l\000d\000U\000p\000d\000a\000t\000e\000A\000l\000p\000h\000a}{subsection.5.2.3}% 28
\BOOKMARK [3][-]{subsubsection.5.2.3.2}{\376\377\0005\000.\0002\000.\0003\000.\0002\000\040\000s\000h\000o\000u\000l\000d\000U\000p\000d\000a\000t\000e\000S\000c\000a\000l\000e}{subsection.5.2.3}% 29
\BOOKMARK [2][-]{subsection.5.2.4}{\376\377\0005\000.\0002\000.\0004\000\040\000P\000r\000o\000p\000e\000r\000t\000y\000\040\000D\000o\000c\000u\000m\000e\000n\000t\000a\000t\000i\000o\000n}{section.5.2}% 30
\BOOKMARK [3][-]{subsubsection.5.2.4.1}{\376\377\0005\000.\0002\000.\0004\000.\0001\000\040\000d\000u\000r\000a\000t\000i\000o\000n}{subsection.5.2.4}% 31
\BOOKMARK [3][-]{subsubsection.5.2.4.2}{\376\377\0005\000.\0002\000.\0004\000.\0002\000\040\000p\000e\000r\000c\000e\000n\000t\000L\000i\000f\000e}{subsection.5.2.4}% 32
\BOOKMARK [3][-]{subsubsection.5.2.4.3}{\376\377\0005\000.\0002\000.\0004\000.\0003\000\040\000s\000p\000r\000i\000t\000e\000R\000e\000n\000d\000e\000r\000e\000r}{subsection.5.2.4}% 33
\BOOKMARK [3][-]{subsubsection.5.2.4.4}{\376\377\0005\000.\0002\000.\0004\000.\0004\000\040\000s\000t\000a\000t\000e}{subsection.5.2.4}% 34
\BOOKMARK [1][-]{section.5.3}{\376\377\0005\000.\0003\000\040\000P\000E\0002\000D\000.\000C\000u\000s\000t\000o\000m\000P\000a\000r\000t\000i\000c\000l\000e\000E\000m\000i\000t\000t\000e\000r\000\040\000C\000l\000a\000s\000s\000\040\000R\000e\000f\000e\000r\000e\000n\000c\000e}{chapter.5}% 35
\BOOKMARK [2][-]{subsection.5.3.1}{\376\377\0005\000.\0003\000.\0001\000\040\000D\000e\000t\000a\000i\000l\000e\000d\000\040\000D\000e\000s\000c\000r\000i\000p\000t\000i\000o\000n}{section.5.3}% 36
\BOOKMARK [2][-]{subsection.5.3.2}{\376\377\0005\000.\0003\000.\0002\000\040\000M\000e\000m\000b\000e\000r\000\040\000F\000u\000n\000c\000t\000i\000o\000n\000\040\000D\000o\000c\000u\000m\000e\000n\000t\000a\000t\000i\000o\000n}{section.5.3}% 37
\BOOKMARK [3][-]{subsubsection.5.3.2.1}{\376\377\0005\000.\0003\000.\0002\000.\0001\000\040\000T\000u\000r\000n\000O\000f\000f\000\050\000\051}{subsection.5.3.2}% 38
\BOOKMARK [3][-]{subsubsection.5.3.2.2}{\376\377\0005\000.\0003\000.\0002\000.\0002\000\040\000T\000u\000r\000n\000O\000n\000\050\000\051}{subsection.5.3.2}% 39
\BOOKMARK [2][-]{subsection.5.3.3}{\376\377\0005\000.\0003\000.\0003\000\040\000M\000e\000m\000b\000e\000r\000\040\000D\000a\000t\000a\000\040\000D\000o\000c\000u\000m\000e\000n\000t\000a\000t\000i\000o\000n}{section.5.3}% 40
\BOOKMARK [3][-]{subsubsection.5.3.3.1}{\376\377\0005\000.\0003\000.\0003\000.\0001\000\040\000c\000l\000a\000m\000p\000M\000a\000x\000L\000e\000n\000g\000t\000h}{subsection.5.3.3}% 41
\BOOKMARK [3][-]{subsubsection.5.3.3.2}{\376\377\0005\000.\0003\000.\0003\000.\0002\000\040\000c\000l\000a\000m\000p\000M\000i\000n\000L\000e\000n\000g\000t\000h}{subsection.5.3.3}% 42
\BOOKMARK [3][-]{subsubsection.5.3.3.3}{\376\377\0005\000.\0003\000.\0003\000.\0003\000\040\000c\000u\000s\000t\000o\000m\000A\000l\000p\000h\000a\000T\000h\000r\000e\000s\000h\000o\000l\000d}{subsection.5.3.3}% 43
\BOOKMARK [3][-]{subsubsection.5.3.3.4}{\376\377\0005\000.\0003\000.\0003\000.\0004\000\040\000c\000u\000s\000t\000o\000m\000V\000e\000l\000o\000c\000i\000t\000y\000T\000h\000r\000e\000s\000h\000o\000l\000d}{subsection.5.3.3}% 44
\BOOKMARK [3][-]{subsubsection.5.3.3.5}{\376\377\0005\000.\0003\000.\0003\000.\0005\000\040\000d\000u\000r\000a\000t\000i\000o\000n}{subsection.5.3.3}% 45
\BOOKMARK [3][-]{subsubsection.5.3.3.6}{\376\377\0005\000.\0003\000.\0003\000.\0006\000\040\000i\000n\000i\000t\000i\000a\000l\000S\000c\000a\000l\000e}{subsection.5.3.3}% 46
\BOOKMARK [3][-]{subsubsection.5.3.3.7}{\376\377\0005\000.\0003\000.\0003\000.\0007\000\040\000l\000e\000n\000g\000t\000h\000M\000u\000l\000t\000i\000p\000l\000i\000e\000r}{subsection.5.3.3}% 47
\BOOKMARK [3][-]{subsubsection.5.3.3.8}{\376\377\0005\000.\0003\000.\0003\000.\0008\000\040\000m\000a\000x\000L\000e\000n\000g\000t\000h}{subsection.5.3.3}% 48
\BOOKMARK [3][-]{subsubsection.5.3.3.9}{\376\377\0005\000.\0003\000.\0003\000.\0009\000\040\000m\000i\000n\000L\000e\000n\000g\000t\000h}{subsection.5.3.3}% 49
\BOOKMARK [3][-]{subsubsection.5.3.3.10}{\376\377\0005\000.\0003\000.\0003\000.\0001\0000\000\040\000p\000a\000r\000t\000i\000c\000l\000e\000C\000o\000l\000o\000u\000r}{subsection.5.3.3}% 50
\BOOKMARK [3][-]{subsubsection.5.3.3.11}{\376\377\0005\000.\0003\000.\0003\000.\0001\0001\000\040\000p\000a\000r\000t\000i\000c\000l\000e\000s\000E\000n\000a\000b\000l\000e\000d}{subsection.5.3.3}% 51
\BOOKMARK [3][-]{subsubsection.5.3.3.12}{\376\377\0005\000.\0003\000.\0003\000.\0001\0002\000\040\000r\000a\000n\000d\000o\000m\000C\000o\000l\000o\000u\000r}{subsection.5.3.3}% 52
\BOOKMARK [3][-]{subsubsection.5.3.3.13}{\376\377\0005\000.\0003\000.\0003\000.\0001\0003\000\040\000r\000e\000m\000o\000v\000e\000W\000h\000e\000n\000A\000l\000p\000h\000a\000R\000e\000a\000c\000h\000e\000s\000T\000h\000r\000e\000s\000h\000o\000l\000d}{subsection.5.3.3}% 53
\BOOKMARK [3][-]{subsubsection.5.3.3.14}{\376\377\0005\000.\0003\000.\0003\000.\0001\0004\000\040\000r\000e\000m\000o\000v\000e\000W\000h\000e\000n\000V\000e\000l\000o\000c\000i\000t\000y\000R\000e\000a\000c\000h\000e\000s\000T\000h\000r\000e\000s\000h\000o\000l\000d}{subsection.5.3.3}% 54
\BOOKMARK [3][-]{subsubsection.5.3.3.15}{\376\377\0005\000.\0003\000.\0003\000.\0001\0005\000\040\000t\000i\000m\000e\000B\000e\000t\000w\000e\000e\000n\000P\000r\000o\000j\000e\000c\000t\000i\000l\000e\000R\000e\000l\000e\000a\000s\000e}{subsection.5.3.3}% 55
\BOOKMARK [3][-]{subsubsection.5.3.3.16}{\376\377\0005\000.\0003\000.\0003\000.\0001\0006\000\040\000v\000e\000l\000o\000c\000i\000t\000y\000D\000a\000m\000p\000e\000n\000e\000r}{subsection.5.3.3}% 56
\BOOKMARK [3][-]{subsubsection.5.3.3.17}{\376\377\0005\000.\0003\000.\0003\000.\0001\0007\000\040\000w\000r\000a\000p\000A\000r\000o\000u\000n\000d}{subsection.5.3.3}% 57
\BOOKMARK [1][-]{section.5.4}{\376\377\0005\000.\0004\000\040\000D\000e\000m\000o\000C\000o\000n\000s\000t\000r\000a\000i\000n\000t\000S\000w\000i\000t\000c\000h\000e\000r\000\040\000C\000l\000a\000s\000s\000\040\000R\000e\000f\000e\000r\000e\000n\000c\000e}{chapter.5}% 58
\BOOKMARK [2][-]{subsection.5.4.1}{\376\377\0005\000.\0004\000.\0001\000\040\000D\000e\000t\000a\000i\000l\000e\000d\000\040\000D\000e\000s\000c\000r\000i\000p\000t\000i\000o\000n}{section.5.4}% 59
\BOOKMARK [1][-]{section.5.5}{\376\377\0005\000.\0005\000\040\000D\000e\000m\000o\000M\000o\000u\000s\000e\000C\000o\000n\000t\000r\000o\000l\000l\000e\000r\000\040\000C\000l\000a\000s\000s\000\040\000R\000e\000f\000e\000r\000e\000n\000c\000e}{chapter.5}% 60
\BOOKMARK [2][-]{subsection.5.5.1}{\376\377\0005\000.\0005\000.\0001\000\040\000D\000e\000t\000a\000i\000l\000e\000d\000\040\000D\000e\000s\000c\000r\000i\000p\000t\000i\000o\000n}{section.5.5}% 61
\BOOKMARK [1][-]{section.5.6}{\376\377\0005\000.\0006\000\040\000D\000e\000m\000o\000P\000a\000r\000t\000i\000c\000l\000e\000E\000m\000i\000t\000t\000e\000r\000S\000w\000i\000t\000c\000h\000e\000r\000\040\000C\000l\000a\000s\000s\000\040\000R\000e\000f\000e\000r\000e\000n\000c\000e}{chapter.5}% 62
\BOOKMARK [2][-]{subsection.5.6.1}{\376\377\0005\000.\0006\000.\0001\000\040\000D\000e\000t\000a\000i\000l\000e\000d\000\040\000D\000e\000s\000c\000r\000i\000p\000t\000i\000o\000n}{section.5.6}% 63
\BOOKMARK [1][-]{section.5.7}{\376\377\0005\000.\0007\000\040\000D\000e\000m\000o\000S\000c\000e\000n\000e\000S\000w\000i\000t\000c\000h\000e\000r\000\040\000C\000l\000a\000s\000s\000\040\000R\000e\000f\000e\000r\000e\000n\000c\000e}{chapter.5}% 64
\BOOKMARK [2][-]{subsection.5.7.1}{\376\377\0005\000.\0007\000.\0001\000\040\000D\000e\000t\000a\000i\000l\000e\000d\000\040\000D\000e\000s\000c\000r\000i\000p\000t\000i\000o\000n}{section.5.7}% 65
\BOOKMARK [1][-]{section.5.8}{\376\377\0005\000.\0008\000\040\000P\000E\0002\000D\000.\000P\000a\000r\000t\000i\000c\000l\000e\000B\000u\000i\000l\000d\000e\000r\000\040\000S\000t\000r\000u\000c\000t\000\040\000R\000e\000f\000e\000r\000e\000n\000c\000e}{chapter.5}% 66
\BOOKMARK [2][-]{subsection.5.8.1}{\376\377\0005\000.\0008\000.\0001\000\040\000D\000e\000t\000a\000i\000l\000e\000d\000\040\000D\000e\000s\000c\000r\000i\000p\000t\000i\000o\000n}{section.5.8}% 67
\BOOKMARK [2][-]{subsection.5.8.2}{\376\377\0005\000.\0008\000.\0002\000\040\000M\000e\000m\000b\000e\000r\000\040\000D\000a\000t\000a\000\040\000D\000o\000c\000u\000m\000e\000n\000t\000a\000t\000i\000o\000n}{section.5.8}% 68
\BOOKMARK [3][-]{subsubsection.5.8.2.1}{\376\377\0005\000.\0008\000.\0002\000.\0001\000\040\000c\000u\000s\000t\000o\000m\000A\000l\000p\000h\000a\000T\000h\000r\000e\000s\000h\000o\000l\000d}{subsection.5.8.2}% 69
\BOOKMARK [3][-]{subsubsection.5.8.2.2}{\376\377\0005\000.\0008\000.\0002\000.\0002\000\040\000c\000u\000s\000t\000o\000m\000V\000e\000l\000o\000c\000i\000t\000y\000T\000h\000r\000e\000s\000h\000o\000l\000d}{subsection.5.8.2}% 70
\BOOKMARK [3][-]{subsubsection.5.8.2.3}{\376\377\0005\000.\0008\000.\0002\000.\0003\000\040\000i\000g\000n\000o\000r\000e\000E\000f\000f\000e\000c\000t\000o\000r\000s}{subsection.5.8.2}% 71
\BOOKMARK [3][-]{subsubsection.5.8.2.4}{\376\377\0005\000.\0008\000.\0002\000.\0004\000\040\000l\000e\000n\000g\000t\000h\000M\000u\000l\000t\000i\000p\000l\000i\000e\000r}{subsection.5.8.2}% 72
\BOOKMARK [3][-]{subsubsection.5.8.2.5}{\376\377\0005\000.\0008\000.\0002\000.\0005\000\040\000m\000a\000x\000L\000e\000n\000g\000t\000h\000C\000l\000a\000m\000p}{subsection.5.8.2}% 73
\BOOKMARK [3][-]{subsubsection.5.8.2.6}{\376\377\0005\000.\0008\000.\0002\000.\0006\000\040\000m\000i\000n\000L\000e\000n\000g\000t\000h\000C\000l\000a\000m\000p}{subsection.5.8.2}% 74
\BOOKMARK [3][-]{subsubsection.5.8.2.7}{\376\377\0005\000.\0008\000.\0002\000.\0007\000\040\000r\000e\000m\000o\000v\000e\000W\000h\000e\000n\000A\000l\000p\000h\000a\000R\000e\000a\000c\000h\000e\000s\000T\000h\000r\000e\000s\000h\000o\000l\000d}{subsection.5.8.2}% 75
\BOOKMARK [3][-]{subsubsection.5.8.2.8}{\376\377\0005\000.\0008\000.\0002\000.\0008\000\040\000r\000e\000m\000o\000v\000e\000W\000h\000e\000n\000V\000e\000l\000o\000c\000i\000t\000y\000R\000e\000a\000c\000h\000e\000s\000T\000h\000r\000e\000s\000h\000o\000l\000d}{subsection.5.8.2}% 76
\BOOKMARK [3][-]{subsubsection.5.8.2.9}{\376\377\0005\000.\0008\000.\0002\000.\0009\000\040\000v\000e\000l\000o\000c\000i\000t\000y}{subsection.5.8.2}% 77
\BOOKMARK [3][-]{subsubsection.5.8.2.10}{\376\377\0005\000.\0008\000.\0002\000.\0001\0000\000\040\000v\000e\000l\000o\000c\000i\000t\000y\000D\000a\000m\000p\000M\000o\000d\000i\000f\000i\000e\000r}{subsection.5.8.2}% 78
\BOOKMARK [3][-]{subsubsection.5.8.2.11}{\376\377\0005\000.\0008\000.\0002\000.\0001\0001\000\040\000w\000r\000a\000p\000A\000r\000o\000u\000n\000d\000T\000y\000p\000e}{subsection.5.8.2}% 79
\BOOKMARK [1][-]{section.5.9}{\376\377\0005\000.\0009\000\040\000P\000E\0002\000D\000.\000P\000a\000r\000t\000i\000c\000l\000e\000E\000f\000f\000e\000c\000t\000o\000r\000\040\000C\000l\000a\000s\000s\000\040\000R\000e\000f\000e\000r\000e\000n\000c\000e}{chapter.5}% 80
\BOOKMARK [2][-]{subsection.5.9.1}{\376\377\0005\000.\0009\000.\0001\000\040\000D\000e\000t\000a\000i\000l\000e\000d\000\040\000D\000e\000s\000c\000r\000i\000p\000t\000i\000o\000n}{section.5.9}% 81
\BOOKMARK [1][-]{section.5.10}{\376\377\0005\000.\0001\0000\000\040\000P\000E\0002\000D\000.\000P\000a\000r\000t\000i\000c\000l\000e\000E\000m\000i\000t\000t\000e\000r\000I\000n\000O\000b\000j\000e\000c\000t\000D\000i\000r\000e\000c\000t\000i\000o\000n\000\040\000C\000l\000a\000s\000s\000\040\000R\000e\000f\000e\000r\000e\000n\000c\000e}{chapter.5}% 82
\BOOKMARK [2][-]{subsection.5.10.1}{\376\377\0005\000.\0001\0000\000.\0001\000\040\000D\000e\000t\000a\000i\000l\000e\000d\000\040\000D\000e\000s\000c\000r\000i\000p\000t\000i\000o\000n}{section.5.10}% 83
\BOOKMARK [1][-]{section.5.11}{\376\377\0005\000.\0001\0001\000\040\000P\000E\0002\000D\000.\000P\000a\000r\000t\000i\000c\000l\000e\000E\000m\000i\000t\000t\000e\000r\000I\000n\000R\000a\000n\000d\000o\000m\000D\000i\000r\000e\000c\000t\000i\000o\000n\000\040\000C\000l\000a\000s\000s\000\040\000R\000e\000f\000e\000r\000e\000n\000c\000e}{chapter.5}% 84
\BOOKMARK [2][-]{subsection.5.11.1}{\376\377\0005\000.\0001\0001\000.\0001\000\040\000D\000e\000t\000a\000i\000l\000e\000d\000\040\000D\000e\000s\000c\000r\000i\000p\000t\000i\000o\000n}{section.5.11}% 85
\BOOKMARK [1][-]{section.5.12}{\376\377\0005\000.\0001\0002\000\040\000P\000E\0002\000D\000.\000P\000a\000r\000t\000i\000c\000l\000e\000F\000a\000c\000t\000o\000r\000y\000\040\000C\000l\000a\000s\000s\000\040\000R\000e\000f\000e\000r\000e\000n\000c\000e}{chapter.5}% 86
\BOOKMARK [2][-]{subsection.5.12.1}{\376\377\0005\000.\0001\0002\000.\0001\000\040\000D\000e\000t\000a\000i\000l\000e\000d\000\040\000D\000e\000s\000c\000r\000i\000p\000t\000i\000o\000n}{section.5.12}% 87
\BOOKMARK [2][-]{subsection.5.12.2}{\376\377\0005\000.\0001\0002\000.\0002\000\040\000M\000e\000m\000b\000e\000r\000\040\000F\000u\000n\000c\000t\000i\000o\000n\000\040\000D\000o\000c\000u\000m\000e\000n\000t\000a\000t\000i\000o\000n}{section.5.12}% 88
\BOOKMARK [3][-]{subsubsection.5.12.2.1}{\376\377\0005\000.\0001\0002\000.\0002\000.\0001\000\040\000C\000r\000e\000a\000t\000e\000P\000a\000r\000t\000i\000c\000l\000e\000\050\000V\000e\000c\000t\000o\000r\0002\000\040\000p\000o\000s\000i\000t\000i\000o\000n\000,\000\040\000C\000o\000l\000o\000r\000\040\000c\000o\000l\000o\000u\000r\000,\000\040\000f\000l\000o\000a\000t\000\040\000d\000u\000r\000a\000t\000i\000o\000n\000,\000\040\000V\000e\000c\000t\000o\000r\0002\000\040\000i\000n\000i\000t\000i\000a\000l\000S\000c\000a\000l\000e\000,\000\040\000P\000a\000r\000t\000i\000c\000l\000e\000B\000u\000i\000l\000d\000e\000r\000\040\000s\000t\000a\000t\000e\000\051}{subsection.5.12.2}% 89
\BOOKMARK [3][-]{subsubsection.5.12.2.2}{\376\377\0005\000.\0001\0002\000.\0002\000.\0002\000\040\000R\000e\000m\000o\000v\000e\000A\000l\000l\000A\000c\000t\000i\000v\000e\000P\000a\000r\000t\000i\000c\000l\000e\000s\000\050\000\051}{subsection.5.12.2}% 90
\BOOKMARK [2][-]{subsection.5.12.3}{\376\377\0005\000.\0001\0002\000.\0003\000\040\000M\000e\000m\000b\000e\000r\000\040\000D\000a\000t\000a\000\040\000D\000o\000c\000u\000m\000e\000n\000t\000a\000t\000i\000o\000n}{section.5.12}% 91
\BOOKMARK [3][-]{subsubsection.5.12.3.1}{\376\377\0005\000.\0001\0002\000.\0003\000.\0001\000\040\000m\000a\000x\000P\000a\000r\000t\000i\000c\000l\000e\000C\000o\000u\000n\000t}{subsection.5.12.3}% 92
\BOOKMARK [3][-]{subsubsection.5.12.3.2}{\376\377\0005\000.\0001\0002\000.\0003\000.\0002\000\040\000p\000a\000r\000t\000i\000c\000l\000e\000P\000r\000e\000f\000a\000b}{subsection.5.12.3}% 93
\BOOKMARK [2][-]{subsection.5.12.4}{\376\377\0005\000.\0001\0002\000.\0004\000\040\000P\000r\000o\000p\000e\000r\000t\000y\000\040\000D\000o\000c\000u\000m\000e\000n\000t\000a\000t\000i\000o\000n}{section.5.12}% 94
\BOOKMARK [3][-]{subsubsection.5.12.4.1}{\376\377\0005\000.\0001\0002\000.\0004\000.\0001\000\040\000i\000n\000s\000t\000a\000n\000c\000e}{subsection.5.12.4}% 95
\BOOKMARK [1][-]{section.5.13}{\376\377\0005\000.\0001\0003\000\040\000P\000E\0002\000D\000.\000P\000a\000r\000t\000i\000c\000l\000e\000R\000e\000n\000d\000e\000r\000e\000r\000\040\000C\000l\000a\000s\000s\000\040\000R\000e\000f\000e\000r\000e\000n\000c\000e}{chapter.5}% 96
\BOOKMARK [2][-]{subsection.5.13.1}{\376\377\0005\000.\0001\0003\000.\0001\000\040\000D\000e\000t\000a\000i\000l\000e\000d\000\040\000D\000e\000s\000c\000r\000i\000p\000t\000i\000o\000n}{section.5.13}% 97
\BOOKMARK [1][-]{section.5.14}{\376\377\0005\000.\0001\0004\000\040\000P\000E\0002\000D\000.\000P\000u\000l\000s\000a\000t\000e\000\040\000C\000l\000a\000s\000s\000\040\000R\000e\000f\000e\000r\000e\000n\000c\000e}{chapter.5}% 98
\BOOKMARK [2][-]{subsection.5.14.1}{\376\377\0005\000.\0001\0004\000.\0001\000\040\000D\000e\000t\000a\000i\000l\000e\000d\000\040\000D\000e\000s\000c\000r\000i\000p\000t\000i\000o\000n}{section.5.14}% 99
\BOOKMARK [0][-]{section*.26}{\376\377\000I\000n\000d\000e\000x}{}% 100
